--------------- Clean Started: 11/15/2016 18:55:21 Project: PSOC_USBUART, Configuration: ARM GCC 4.9-2015-q1-update Debug ---------------
Deleting file ".\CortexM3\ARM_GCC_493\Debug\main.o"
Deleting file ".\CortexM3\ARM_GCC_493\Debug\serial.o"
Deleting file ".\CortexM3\ARM_GCC_493\Debug\cyfitter_cfg.o"
Deleting file ".\CortexM3\ARM_GCC_493\Debug\cymetadata.o"
Deleting file ".\CortexM3\ARM_GCC_493\Debug\ADC_DelSig.o"
Deleting file ".\CortexM3\ARM_GCC_493\Debug\ADC_DelSig_PM.o"
Deleting file ".\CortexM3\ARM_GCC_493\Debug\ADC_DelSig_INT.o"
Deleting file ".\CortexM3\ARM_GCC_493\Debug\USBUART.o"
Deleting file ".\CortexM3\ARM_GCC_493\Debug\USBUART_audio.o"
Deleting file ".\CortexM3\ARM_GCC_493\Debug\USBUART_boot.o"
Deleting file ".\CortexM3\ARM_GCC_493\Debug\USBUART_cdc.o"
Deleting file ".\CortexM3\ARM_GCC_493\Debug\USBUART_cls.o"
Deleting file ".\CortexM3\ARM_GCC_493\Debug\USBUART_descr.o"
Deleting file ".\CortexM3\ARM_GCC_493\Debug\USBUART_drv.o"
Deleting file ".\CortexM3\ARM_GCC_493\Debug\USBUART_episr.o"
Deleting file ".\CortexM3\ARM_GCC_493\Debug\USBUART_hid.o"
Deleting file ".\CortexM3\ARM_GCC_493\Debug\USBUART_pm.o"
Deleting file ".\CortexM3\ARM_GCC_493\Debug\USBUART_std.o"
Deleting file ".\CortexM3\ARM_GCC_493\Debug\USBUART_vnd.o"
Deleting file ".\CortexM3\ARM_GCC_493\Debug\USBUART_midi.o"
Deleting file ".\CortexM3\ARM_GCC_493\Debug\USBUART_msc.o"
Deleting file ".\CortexM3\ARM_GCC_493\Debug\ADC_DelSig_Ext_CP_Clk.o"
Deleting file ".\CortexM3\ARM_GCC_493\Debug\ADC_DelSig_IRQ.o"
Deleting file ".\CortexM3\ARM_GCC_493\Debug\ADC_DelSig_theACLK.o"
Deleting file ".\CortexM3\ARM_GCC_493\Debug\USBUART_Dm.o"
Deleting file ".\CortexM3\ARM_GCC_493\Debug\USBUART_Dp.o"
Deleting file ".\CortexM3\ARM_GCC_493\Debug\Cm3Start.o"
Deleting file ".\CortexM3\ARM_GCC_493\Debug\CyBootAsmGnu.o"
Deleting file ".\CortexM3\ARM_GCC_493\Debug\CyDmac.o"
Deleting file ".\CortexM3\ARM_GCC_493\Debug\CyFlash.o"
Deleting file ".\CortexM3\ARM_GCC_493\Debug\CyLib.o"
Deleting file ".\CortexM3\ARM_GCC_493\Debug\cyPm.o"
Deleting file ".\CortexM3\ARM_GCC_493\Debug\CySpc.o"
Deleting file ".\CortexM3\ARM_GCC_493\Debug\cyutils.o"
Deleting file ".\CortexM3\ARM_GCC_493\Debug\Analog_In_Pos.o"
Deleting file ".\CortexM3\ARM_GCC_493\Debug\Analog_In_Neg.o"
Deleting file ".\CortexM3\ARM_GCC_493\Debug\OPAMP.o"
Deleting file ".\CortexM3\ARM_GCC_493\Debug\OPAMP_PM.o"
Deleting file ".\CortexM3\ARM_GCC_493\Debug\Vref_source.o"
Deleting file ".\CortexM3\ARM_GCC_493\Debug\IDAC8.o"
Deleting file ".\CortexM3\ARM_GCC_493\Debug\IDAC8_PM.o"
Deleting file ".\CortexM3\ARM_GCC_493\Debug\Vref_sink.o"
Deleting file ".\CortexM3\ARM_GCC_493\Debug\Filter.o"
Deleting file ".\CortexM3\ARM_GCC_493\Debug\Filter_PM.o"
Deleting file ".\CortexM3\ARM_GCC_493\Debug\Filter_PVT.o"
Deleting file ".\CortexM3\ARM_GCC_493\Debug\Filter_RAM_Data.o"
Deleting file ".\CortexM3\ARM_GCC_493\Debug\Filter_Coefficients.o"
Deleting file ".\CortexM3\ARM_GCC_493\Debug\DMA_dma.o"
Deleting file ".\CortexM3\ARM_GCC_493\Debug\Filter_done.o"
Deleting file ".\CortexM3\ARM_GCC_493\Debug\PSOC_USBUART.hex"
Deleting file ".\CortexM3\ARM_GCC_493\Debug\PSOC_USBUART.elf"
Deleting file ".\CortexM3\ARM_GCC_493\Debug\PSOC_USBUART.map"
Deleting file ".\PSOC_USBUART.cycdx"
Deleting file ".\PSOC_USBUART.svd"
Deleting file ".\PSOC_USBUART.rpt"
Deleting file ".\PSOC_USBUART_timing.html"
Deleting file ".\CortexM3\ARM_GCC_493\Debug\.deps\SOURCE_C__ARM_GCC_GENERIC.P"
Deleting file ".\CortexM3\ARM_GCC_493\Debug\.deps\SOURCE_ASM__ARM_GCC_GENERIC.P"
--------------- Clean Succeeded: 11/15/2016 18:55:21 ---------------
