ARM GAS  C:\Users\Tommi\AppData\Local\Temp\cct7kOX4.s 			page 1


   1              		.syntax unified
   2              		.cpu cortex-m3
   3              		.fpu softvfp
   4              		.eabi_attribute 20, 1
   5              		.eabi_attribute 21, 1
   6              		.eabi_attribute 23, 3
   7              		.eabi_attribute 24, 1
   8              		.eabi_attribute 25, 1
   9              		.eabi_attribute 26, 1
  10              		.eabi_attribute 30, 1
  11              		.eabi_attribute 34, 1
  12              		.eabi_attribute 18, 4
  13              		.thumb
  14              		.file	"cymetadata.c"
  15              		.text
  16              	.Ltext0:
  17              		.cfi_sections	.debug_frame
  18              		.global	cy_metadata
  19              		.global	cy_meta_flashprotect
  20              		.global	cy_meta_wonvl
  21              		.global	cy_meta_custnvl
  22              		.global	cy_meta_configecc
  23              		.section	.cyconfigecc,"a",%progbits
  24              		.align	2
  25              		.type	cy_meta_configecc, %object
  26              		.size	cy_meta_configecc, 216
  27              	cy_meta_configecc:
  28 0000 01       		.byte	1
  29 0001 45       		.byte	69
  30 0002 00       		.byte	0
  31 0003 40       		.byte	64
  32 0004 01       		.byte	1
  33 0005 52       		.byte	82
  34 0006 00       		.byte	0
  35 0007 40       		.byte	64
  36 0008 01       		.byte	1
  37 0009 09       		.byte	9
  38 000a 01       		.byte	1
  39 000b 40       		.byte	64
  40 000c 04       		.byte	4
  41 000d 0A       		.byte	10
  42 000e 01       		.byte	1
  43 000f 40       		.byte	64
  44 0010 01       		.byte	1
  45 0011 0B       		.byte	11
  46 0012 01       		.byte	1
  47 0013 40       		.byte	64
  48 0014 01       		.byte	1
  49 0015 15       		.byte	21
  50 0016 01       		.byte	1
  51 0017 40       		.byte	64
  52 0018 02       		.byte	2
  53 0019 17       		.byte	23
  54 001a 01       		.byte	1
  55 001b 40       		.byte	64
  56 001c 02       		.byte	2
  57 001d 19       		.byte	25
ARM GAS  C:\Users\Tommi\AppData\Local\Temp\cct7kOX4.s 			page 2


  58 001e 01       		.byte	1
  59 001f 40       		.byte	64
  60 0020 01       		.byte	1
  61 0021 1B       		.byte	27
  62 0022 01       		.byte	1
  63 0023 40       		.byte	64
  64 0024 03       		.byte	3
  65 0025 40       		.byte	64
  66 0026 01       		.byte	1
  67 0027 40       		.byte	64
  68 0028 03       		.byte	3
  69 0029 41       		.byte	65
  70 002a 01       		.byte	1
  71 002b 40       		.byte	64
  72 002c 03       		.byte	3
  73 002d 42       		.byte	66
  74 002e 01       		.byte	1
  75 002f 40       		.byte	64
  76 0030 03       		.byte	3
  77 0031 43       		.byte	67
  78 0032 01       		.byte	1
  79 0033 40       		.byte	64
  80 0034 02       		.byte	2
  81 0035 44       		.byte	68
  82 0036 01       		.byte	1
  83 0037 40       		.byte	64
  84 0038 01       		.byte	1
  85 0039 45       		.byte	69
  86 003a 01       		.byte	1
  87 003b 40       		.byte	64
  88 003c 03       		.byte	3
  89 003d 46       		.byte	70
  90 003e 01       		.byte	1
  91 003f 40       		.byte	64
  92 0040 07       		.byte	7
  93 0041 47       		.byte	71
  94 0042 01       		.byte	1
  95 0043 40       		.byte	64
  96 0044 06       		.byte	6
  97 0045 48       		.byte	72
  98 0046 01       		.byte	1
  99 0047 40       		.byte	64
 100 0048 01       		.byte	1
 101 0049 49       		.byte	73
 102 004a 01       		.byte	1
 103 004b 40       		.byte	64
 104 004c 03       		.byte	3
 105 004d 4C       		.byte	76
 106 004e 01       		.byte	1
 107 004f 40       		.byte	64
 108 0050 02       		.byte	2
 109 0051 4D       		.byte	77
 110 0052 01       		.byte	1
 111 0053 40       		.byte	64
 112 0054 01       		.byte	1
 113 0055 51       		.byte	81
 114 0056 01       		.byte	1
ARM GAS  C:\Users\Tommi\AppData\Local\Temp\cct7kOX4.s 			page 3


 115 0057 40       		.byte	64
 116 0058 7E       		.byte	126
 117 0059 02       		.byte	2
 118 005a 7C       		.byte	124
 119 005b 40       		.byte	64
 120 005c B5       		.byte	-75
 121 005d 02       		.byte	2
 122 005e B8       		.byte	-72
 123 005f 02       		.byte	2
 124 0060 BE       		.byte	-66
 125 0061 01       		.byte	1
 126 0062 D8       		.byte	-40
 127 0063 04       		.byte	4
 128 0064 DF       		.byte	-33
 129 0065 01       		.byte	1
 130 0066 1D       		.byte	29
 131 0067 02       		.byte	2
 132 0068 EC       		.byte	-20
 133 0069 10       		.byte	16
 134 006a EA       		.byte	-22
 135 006b 02       		.byte	2
 136 006c EE       		.byte	-18
 137 006d 0A       		.byte	10
 138 006e EA       		.byte	-22
 139 006f 02       		.byte	2
 140 0070 EE       		.byte	-18
 141 0071 0A       		.byte	10
 142 0072 EC       		.byte	-20
 143 0073 10       		.byte	16
 144 0074 33       		.byte	51
 145 0075 81       		.byte	-127
 146 0076 36       		.byte	54
 147 0077 40       		.byte	64
 148 0078 CC       		.byte	-52
 149 0079 70       		.byte	112
 150 007a 9F       		.byte	-97
 151 007b 01       		.byte	1
 152 007c A6       		.byte	-90
 153 007d 40       		.byte	64
 154 007e A7       		.byte	-89
 155 007f 80       		.byte	-128
 156 0080 9F       		.byte	-97
 157 0081 01       		.byte	1
 158 0082 A6       		.byte	-90
 159 0083 40       		.byte	64
 160 0084 A7       		.byte	-89
 161 0085 80       		.byte	-128
 162 0086 9F       		.byte	-97
 163 0087 01       		.byte	1
 164 0088 A6       		.byte	-90
 165 0089 40       		.byte	64
 166 008a A7       		.byte	-89
 167 008b 80       		.byte	-128
 168 008c 7C       		.byte	124
 169 008d 01       		.byte	1
 170 008e DE       		.byte	-34
 171 008f 01       		.byte	1
ARM GAS  C:\Users\Tommi\AppData\Local\Temp\cct7kOX4.s 			page 4


 172 0090 94       		.byte	-108
 173 0091 01       		.byte	1
 174 0092 45       		.byte	69
 175 0093 08       		.byte	8
 176 0094 94       		.byte	-108
 177 0095 01       		.byte	1
 178 0096 D0       		.byte	-48
 179 0097 01       		.byte	1
 180 0098 08       		.byte	8
 181 0099 08       		.byte	8
 182 009a 0B       		.byte	11
 183 009b 04       		.byte	4
 184 009c 0F       		.byte	15
 185 009d 40       		.byte	64
 186 009e A5       		.byte	-91
 187 009f 08       		.byte	8
 188 00a0 B4       		.byte	-76
 189 00a1 01       		.byte	1
 190 00a2 C2       		.byte	-62
 191 00a3 0E       		.byte	14
 192 00a4 EC       		.byte	-20
 193 00a5 08       		.byte	8
 194 00a6 25       		.byte	37
 195 00a7 10       		.byte	16
 196 00a8 AE       		.byte	-82
 197 00a9 40       		.byte	64
 198 00aa AF       		.byte	-81
 199 00ab 81       		.byte	-127
 200 00ac C8       		.byte	-56
 201 00ad 20       		.byte	32
 202 00ae EA       		.byte	-22
 203 00af 40       		.byte	64
 204 00b0 EE       		.byte	-18
 205 00b1 50       		.byte	80
 206 00b2 B5       		.byte	-75
 207 00b3 10       		.byte	16
 208 00b4 A5       		.byte	-91
 209 00b5 08       		.byte	8
 210 00b6 AC       		.byte	-84
 211 00b7 08       		.byte	8
 212 00b8 AF       		.byte	-81
 213 00b9 44       		.byte	68
 214 00ba B5       		.byte	-75
 215 00bb 08       		.byte	8
 216 00bc EC       		.byte	-20
 217 00bd 08       		.byte	8
 218 00be 00       		.byte	0
 219 00bf 2A       		.byte	42
 220 00c0 00       		.byte	0
 221 00c1 00       		.byte	0
 222 00c2 00       		.byte	0
 223 00c3 00       		.byte	0
 224 00c4 00       		.byte	0
 225 00c5 00       		.byte	0
 226 00c6 06       		.byte	6
 227 00c7 00       		.byte	0
 228 00c8 40       		.byte	64
ARM GAS  C:\Users\Tommi\AppData\Local\Temp\cct7kOX4.s 			page 5


 229 00c9 00       		.byte	0
 230 00ca 00       		.byte	0
 231 00cb 00       		.byte	0
 232 00cc 00       		.byte	0
 233 00cd 00       		.byte	0
 234 00ce 00       		.byte	0
 235 00cf 00       		.byte	0
 236 00d0 C0       		.byte	-64
 237 00d1 00       		.byte	0
 238 00d2 00       		.byte	0
 239 00d3 00       		.byte	0
 240 00d4 0F       		.byte	15
 241 00d5 00       		.byte	0
 242 00d6 18       		.byte	24
 243 00d7 01       		.byte	1
 244              		.section	.cywolatch,"a",%progbits
 245              		.align	2
 246              		.type	cy_meta_wonvl, %object
 247              		.size	cy_meta_wonvl, 4
 248              	cy_meta_wonvl:
 249 0000 BC       		.byte	-68
 250 0001 90       		.byte	-112
 251 0002 AC       		.byte	-84
 252 0003 AF       		.byte	-81
 253              		.section	.cycustnvl,"a",%progbits
 254              		.align	2
 255              		.type	cy_meta_custnvl, %object
 256              		.size	cy_meta_custnvl, 4
 257              	cy_meta_custnvl:
 258 0000 00       		.byte	0
 259 0001 00       		.byte	0
 260 0002 40       		.byte	64
 261 0003 05       		.byte	5
 262              		.section	.cymeta,"a",%progbits
 263              		.align	2
 264              		.type	cy_metadata, %object
 265              		.size	cy_metadata, 12
 266              	cy_metadata:
 267 0000 00       		.byte	0
 268 0001 01       		.byte	1
 269 0002 2E       		.byte	46
 270 0003 16       		.byte	22
 271 0004 10       		.byte	16
 272 0005 69       		.byte	105
 273 0006 00       		.byte	0
 274 0007 01       		.byte	1
 275 0008 00       		.byte	0
 276 0009 00       		.byte	0
 277 000a 00       		.byte	0
 278 000b 00       		.byte	0
 279              		.section	.cyflashprotect,"a",%progbits
 280              		.align	2
 281              		.type	cy_meta_flashprotect, %object
 282              		.size	cy_meta_flashprotect, 256
 283              	cy_meta_flashprotect:
 284 0000 00000000 		.space	256
 284      00000000 
ARM GAS  C:\Users\Tommi\AppData\Local\Temp\cct7kOX4.s 			page 6


 284      00000000 
 284      00000000 
 284      00000000 
 285              		.text
 286              	.Letext0:
 287              		.file 1 ".\\Generated_Source\\PSoC5\\cymetadata.c"
 288              		.file 2 ".\\Generated_Source\\PSoC5\\cytypes.h"
 289              		.section	.debug_info,"",%progbits
 290              	.Ldebug_info0:
 291 0000 36010000 		.4byte	0x136
 292 0004 0400     		.2byte	0x4
 293 0006 00000000 		.4byte	.Ldebug_abbrev0
 294 000a 04       		.byte	0x4
 295 000b 01       		.uleb128 0x1
 296 000c D4000000 		.4byte	.LASF18
 297 0010 01       		.byte	0x1
 298 0011 00000000 		.4byte	.LASF19
 299 0015 38000000 		.4byte	.LASF20
 300 0019 00000000 		.4byte	.Ldebug_line0
 301 001d 02       		.uleb128 0x2
 302 001e 01       		.byte	0x1
 303 001f 06       		.byte	0x6
 304 0020 DE010000 		.4byte	.LASF0
 305 0024 02       		.uleb128 0x2
 306 0025 01       		.byte	0x1
 307 0026 08       		.byte	0x8
 308 0027 78000000 		.4byte	.LASF1
 309 002b 02       		.uleb128 0x2
 310 002c 02       		.byte	0x2
 311 002d 05       		.byte	0x5
 312 002e C5010000 		.4byte	.LASF2
 313 0032 02       		.uleb128 0x2
 314 0033 02       		.byte	0x2
 315 0034 07       		.byte	0x7
 316 0035 98000000 		.4byte	.LASF3
 317 0039 02       		.uleb128 0x2
 318 003a 04       		.byte	0x4
 319 003b 05       		.byte	0x5
 320 003c D5010000 		.4byte	.LASF4
 321 0040 02       		.uleb128 0x2
 322 0041 04       		.byte	0x4
 323 0042 07       		.byte	0x7
 324 0043 86000000 		.4byte	.LASF5
 325 0047 02       		.uleb128 0x2
 326 0048 08       		.byte	0x8
 327 0049 05       		.byte	0x5
 328 004a B2010000 		.4byte	.LASF6
 329 004e 02       		.uleb128 0x2
 330 004f 08       		.byte	0x8
 331 0050 07       		.byte	0x7
 332 0051 6F010000 		.4byte	.LASF7
 333 0055 03       		.uleb128 0x3
 334 0056 04       		.byte	0x4
 335 0057 05       		.byte	0x5
 336 0058 696E7400 		.ascii	"int\000"
 337 005c 02       		.uleb128 0x2
 338 005d 04       		.byte	0x4
ARM GAS  C:\Users\Tommi\AppData\Local\Temp\cct7kOX4.s 			page 7


 339 005e 07       		.byte	0x7
 340 005f 62010000 		.4byte	.LASF8
 341 0063 04       		.uleb128 0x4
 342 0064 CF010000 		.4byte	.LASF21
 343 0068 02       		.byte	0x2
 344 0069 9201     		.2byte	0x192
 345 006b 24000000 		.4byte	0x24
 346 006f 02       		.uleb128 0x2
 347 0070 04       		.byte	0x4
 348 0071 04       		.byte	0x4
 349 0072 32000000 		.4byte	.LASF9
 350 0076 02       		.uleb128 0x2
 351 0077 08       		.byte	0x8
 352 0078 04       		.byte	0x4
 353 0079 AB000000 		.4byte	.LASF10
 354 007d 02       		.uleb128 0x2
 355 007e 01       		.byte	0x1
 356 007f 08       		.byte	0x8
 357 0080 C0010000 		.4byte	.LASF11
 358 0084 05       		.uleb128 0x5
 359 0085 63000000 		.4byte	0x63
 360 0089 94000000 		.4byte	0x94
 361 008d 06       		.uleb128 0x6
 362 008e 94000000 		.4byte	0x94
 363 0092 D7       		.byte	0xd7
 364 0093 00       		.byte	0
 365 0094 02       		.uleb128 0x2
 366 0095 04       		.byte	0x4
 367 0096 07       		.byte	0x7
 368 0097 A9010000 		.4byte	.LASF12
 369 009b 07       		.uleb128 0x7
 370 009c C2000000 		.4byte	.LASF13
 371 00a0 01       		.byte	0x1
 372 00a1 1F       		.byte	0x1f
 373 00a2 AC000000 		.4byte	0xac
 374 00a6 05       		.uleb128 0x5
 375 00a7 03       		.byte	0x3
 376 00a8 00000000 		.4byte	cy_meta_configecc
 377 00ac 08       		.uleb128 0x8
 378 00ad 84000000 		.4byte	0x84
 379 00b1 05       		.uleb128 0x5
 380 00b2 63000000 		.4byte	0x63
 381 00b6 C1000000 		.4byte	0xc1
 382 00ba 06       		.uleb128 0x6
 383 00bb 94000000 		.4byte	0x94
 384 00bf 03       		.byte	0x3
 385 00c0 00       		.byte	0
 386 00c1 07       		.uleb128 0x7
 387 00c2 B2000000 		.4byte	.LASF14
 388 00c6 01       		.byte	0x1
 389 00c7 47       		.byte	0x47
 390 00c8 D2000000 		.4byte	0xd2
 391 00cc 05       		.uleb128 0x5
 392 00cd 03       		.byte	0x3
 393 00ce 00000000 		.4byte	cy_meta_custnvl
 394 00d2 08       		.uleb128 0x8
 395 00d3 B1000000 		.4byte	0xb1
ARM GAS  C:\Users\Tommi\AppData\Local\Temp\cct7kOX4.s 			page 8


 396 00d7 07       		.uleb128 0x7
 397 00d8 9B010000 		.4byte	.LASF15
 398 00dc 01       		.byte	0x1
 399 00dd 55       		.byte	0x55
 400 00de E8000000 		.4byte	0xe8
 401 00e2 05       		.uleb128 0x5
 402 00e3 03       		.byte	0x3
 403 00e4 00000000 		.4byte	cy_meta_wonvl
 404 00e8 08       		.uleb128 0x8
 405 00e9 B1000000 		.4byte	0xb1
 406 00ed 05       		.uleb128 0x5
 407 00ee 63000000 		.4byte	0x63
 408 00f2 FD000000 		.4byte	0xfd
 409 00f6 06       		.uleb128 0x6
 410 00f7 94000000 		.4byte	0x94
 411 00fb FF       		.byte	0xff
 412 00fc 00       		.byte	0
 413 00fd 07       		.uleb128 0x7
 414 00fe 86010000 		.4byte	.LASF16
 415 0102 01       		.byte	0x1
 416 0103 63       		.byte	0x63
 417 0104 0E010000 		.4byte	0x10e
 418 0108 05       		.uleb128 0x5
 419 0109 03       		.byte	0x3
 420 010a 00000000 		.4byte	cy_meta_flashprotect
 421 010e 08       		.uleb128 0x8
 422 010f ED000000 		.4byte	0xed
 423 0113 05       		.uleb128 0x5
 424 0114 63000000 		.4byte	0x63
 425 0118 23010000 		.4byte	0x123
 426 011c 06       		.uleb128 0x6
 427 011d 94000000 		.4byte	0x94
 428 0121 0B       		.byte	0xb
 429 0122 00       		.byte	0
 430 0123 07       		.uleb128 0x7
 431 0124 26000000 		.4byte	.LASF17
 432 0128 01       		.byte	0x1
 433 0129 90       		.byte	0x90
 434 012a 34010000 		.4byte	0x134
 435 012e 05       		.uleb128 0x5
 436 012f 03       		.byte	0x3
 437 0130 00000000 		.4byte	cy_metadata
 438 0134 08       		.uleb128 0x8
 439 0135 13010000 		.4byte	0x113
 440 0139 00       		.byte	0
 441              		.section	.debug_abbrev,"",%progbits
 442              	.Ldebug_abbrev0:
 443 0000 01       		.uleb128 0x1
 444 0001 11       		.uleb128 0x11
 445 0002 01       		.byte	0x1
 446 0003 25       		.uleb128 0x25
 447 0004 0E       		.uleb128 0xe
 448 0005 13       		.uleb128 0x13
 449 0006 0B       		.uleb128 0xb
 450 0007 03       		.uleb128 0x3
 451 0008 0E       		.uleb128 0xe
 452 0009 1B       		.uleb128 0x1b
ARM GAS  C:\Users\Tommi\AppData\Local\Temp\cct7kOX4.s 			page 9


 453 000a 0E       		.uleb128 0xe
 454 000b 10       		.uleb128 0x10
 455 000c 17       		.uleb128 0x17
 456 000d 00       		.byte	0
 457 000e 00       		.byte	0
 458 000f 02       		.uleb128 0x2
 459 0010 24       		.uleb128 0x24
 460 0011 00       		.byte	0
 461 0012 0B       		.uleb128 0xb
 462 0013 0B       		.uleb128 0xb
 463 0014 3E       		.uleb128 0x3e
 464 0015 0B       		.uleb128 0xb
 465 0016 03       		.uleb128 0x3
 466 0017 0E       		.uleb128 0xe
 467 0018 00       		.byte	0
 468 0019 00       		.byte	0
 469 001a 03       		.uleb128 0x3
 470 001b 24       		.uleb128 0x24
 471 001c 00       		.byte	0
 472 001d 0B       		.uleb128 0xb
 473 001e 0B       		.uleb128 0xb
 474 001f 3E       		.uleb128 0x3e
 475 0020 0B       		.uleb128 0xb
 476 0021 03       		.uleb128 0x3
 477 0022 08       		.uleb128 0x8
 478 0023 00       		.byte	0
 479 0024 00       		.byte	0
 480 0025 04       		.uleb128 0x4
 481 0026 16       		.uleb128 0x16
 482 0027 00       		.byte	0
 483 0028 03       		.uleb128 0x3
 484 0029 0E       		.uleb128 0xe
 485 002a 3A       		.uleb128 0x3a
 486 002b 0B       		.uleb128 0xb
 487 002c 3B       		.uleb128 0x3b
 488 002d 05       		.uleb128 0x5
 489 002e 49       		.uleb128 0x49
 490 002f 13       		.uleb128 0x13
 491 0030 00       		.byte	0
 492 0031 00       		.byte	0
 493 0032 05       		.uleb128 0x5
 494 0033 01       		.uleb128 0x1
 495 0034 01       		.byte	0x1
 496 0035 49       		.uleb128 0x49
 497 0036 13       		.uleb128 0x13
 498 0037 01       		.uleb128 0x1
 499 0038 13       		.uleb128 0x13
 500 0039 00       		.byte	0
 501 003a 00       		.byte	0
 502 003b 06       		.uleb128 0x6
 503 003c 21       		.uleb128 0x21
 504 003d 00       		.byte	0
 505 003e 49       		.uleb128 0x49
 506 003f 13       		.uleb128 0x13
 507 0040 2F       		.uleb128 0x2f
 508 0041 0B       		.uleb128 0xb
 509 0042 00       		.byte	0
ARM GAS  C:\Users\Tommi\AppData\Local\Temp\cct7kOX4.s 			page 10


 510 0043 00       		.byte	0
 511 0044 07       		.uleb128 0x7
 512 0045 34       		.uleb128 0x34
 513 0046 00       		.byte	0
 514 0047 03       		.uleb128 0x3
 515 0048 0E       		.uleb128 0xe
 516 0049 3A       		.uleb128 0x3a
 517 004a 0B       		.uleb128 0xb
 518 004b 3B       		.uleb128 0x3b
 519 004c 0B       		.uleb128 0xb
 520 004d 49       		.uleb128 0x49
 521 004e 13       		.uleb128 0x13
 522 004f 3F       		.uleb128 0x3f
 523 0050 19       		.uleb128 0x19
 524 0051 02       		.uleb128 0x2
 525 0052 18       		.uleb128 0x18
 526 0053 00       		.byte	0
 527 0054 00       		.byte	0
 528 0055 08       		.uleb128 0x8
 529 0056 26       		.uleb128 0x26
 530 0057 00       		.byte	0
 531 0058 49       		.uleb128 0x49
 532 0059 13       		.uleb128 0x13
 533 005a 00       		.byte	0
 534 005b 00       		.byte	0
 535 005c 00       		.byte	0
 536              		.section	.debug_aranges,"",%progbits
 537 0000 14000000 		.4byte	0x14
 538 0004 0200     		.2byte	0x2
 539 0006 00000000 		.4byte	.Ldebug_info0
 540 000a 04       		.byte	0x4
 541 000b 00       		.byte	0
 542 000c 0000     		.2byte	0
 543 000e 0000     		.2byte	0
 544 0010 00000000 		.4byte	0
 545 0014 00000000 		.4byte	0
 546              		.section	.debug_line,"",%progbits
 547              	.Ldebug_line0:
 548 0000 4F000000 		.section	.debug_str,"MS",%progbits,1
 548      02004900 
 548      00000201 
 548      FB0E0D00 
 548      01010101 
 549              	.LASF19:
 550 0000 2E5C4765 		.ascii	".\\Generated_Source\\PSoC5\\cymetadata.c\000"
 550      6E657261 
 550      7465645F 
 550      536F7572 
 550      63655C50 
 551              	.LASF17:
 552 0026 63795F6D 		.ascii	"cy_metadata\000"
 552      65746164 
 552      61746100 
 553              	.LASF9:
 554 0032 666C6F61 		.ascii	"float\000"
 554      7400
 555              	.LASF20:
ARM GAS  C:\Users\Tommi\AppData\Local\Temp\cct7kOX4.s 			page 11


 556 0038 473A5C55 		.ascii	"G:\\Users\\Tommi\\Documents\\GitHub\\PSOC_USBUART\\"
 556      73657273 
 556      5C546F6D 
 556      6D695C44 
 556      6F63756D 
 557 0065 50534F43 		.ascii	"PSOC_USBUART.cydsn\000"
 557      5F555342 
 557      55415254 
 557      2E637964 
 557      736E00
 558              	.LASF1:
 559 0078 756E7369 		.ascii	"unsigned char\000"
 559      676E6564 
 559      20636861 
 559      7200
 560              	.LASF5:
 561 0086 6C6F6E67 		.ascii	"long unsigned int\000"
 561      20756E73 
 561      69676E65 
 561      6420696E 
 561      7400
 562              	.LASF3:
 563 0098 73686F72 		.ascii	"short unsigned int\000"
 563      7420756E 
 563      7369676E 
 563      65642069 
 563      6E7400
 564              	.LASF10:
 565 00ab 646F7562 		.ascii	"double\000"
 565      6C6500
 566              	.LASF14:
 567 00b2 63795F6D 		.ascii	"cy_meta_custnvl\000"
 567      6574615F 
 567      63757374 
 567      6E766C00 
 568              	.LASF13:
 569 00c2 63795F6D 		.ascii	"cy_meta_configecc\000"
 569      6574615F 
 569      636F6E66 
 569      69676563 
 569      6300
 570              	.LASF18:
 571 00d4 474E5520 		.ascii	"GNU C 4.9.3 20150303 (release) [ARM/embedded-4_9-br"
 571      4320342E 
 571      392E3320 
 571      32303135 
 571      30333033 
 572 0107 616E6368 		.ascii	"anch revision 221220] -mcpu=cortex-m3 -mthumb -g -O"
 572      20726576 
 572      6973696F 
 572      6E203232 
 572      31323230 
 573 013a 67202D66 		.ascii	"g -ffunction-sections -ffat-lto-objects\000"
 573      66756E63 
 573      74696F6E 
 573      2D736563 
 573      74696F6E 
ARM GAS  C:\Users\Tommi\AppData\Local\Temp\cct7kOX4.s 			page 12


 574              	.LASF8:
 575 0162 756E7369 		.ascii	"unsigned int\000"
 575      676E6564 
 575      20696E74 
 575      00
 576              	.LASF7:
 577 016f 6C6F6E67 		.ascii	"long long unsigned int\000"
 577      206C6F6E 
 577      6720756E 
 577      7369676E 
 577      65642069 
 578              	.LASF16:
 579 0186 63795F6D 		.ascii	"cy_meta_flashprotect\000"
 579      6574615F 
 579      666C6173 
 579      6870726F 
 579      74656374 
 580              	.LASF15:
 581 019b 63795F6D 		.ascii	"cy_meta_wonvl\000"
 581      6574615F 
 581      776F6E76 
 581      6C00
 582              	.LASF12:
 583 01a9 73697A65 		.ascii	"sizetype\000"
 583      74797065 
 583      00
 584              	.LASF6:
 585 01b2 6C6F6E67 		.ascii	"long long int\000"
 585      206C6F6E 
 585      6720696E 
 585      7400
 586              	.LASF11:
 587 01c0 63686172 		.ascii	"char\000"
 587      00
 588              	.LASF2:
 589 01c5 73686F72 		.ascii	"short int\000"
 589      7420696E 
 589      7400
 590              	.LASF21:
 591 01cf 75696E74 		.ascii	"uint8\000"
 591      3800
 592              	.LASF4:
 593 01d5 6C6F6E67 		.ascii	"long int\000"
 593      20696E74 
 593      00
 594              	.LASF0:
 595 01de 7369676E 		.ascii	"signed char\000"
 595      65642063 
 595      68617200 
 596              		.ident	"GCC: (GNU Tools for ARM Embedded Processors) 4.9.3 20150303 (release) [ARM/embedded-4_9-br
