ARM GAS  C:\Users\Tommi\AppData\Local\Temp\ccuToVUf.s 			page 1


   1              		.syntax unified
   2              		.cpu cortex-m3
   3              		.fpu softvfp
   4              		.eabi_attribute 20, 1
   5              		.eabi_attribute 21, 1
   6              		.eabi_attribute 23, 3
   7              		.eabi_attribute 24, 1
   8              		.eabi_attribute 25, 1
   9              		.eabi_attribute 26, 1
  10              		.eabi_attribute 30, 1
  11              		.eabi_attribute 34, 1
  12              		.eabi_attribute 18, 4
  13              		.thumb
  14              		.file	"Filter_Coefficients.c"
  15              		.text
  16              	.Ltext0:
  17              		.cfi_sections	.debug_frame
  18              		.global	Filter_ChannelAFirCoefficients
  19              		.section	.rodata
  20              		.align	2
  21              		.type	Filter_ChannelAFirCoefficients, %object
  22              		.size	Filter_ChannelAFirCoefficients, 512
  23              	Filter_ChannelAFirCoefficients:
  24 0000 70       		.byte	112
  25 0001 09       		.byte	9
  26 0002 00       		.byte	0
  27 0003 00       		.byte	0
  28 0004 CE       		.byte	-50
  29 0005 0A       		.byte	10
  30 0006 00       		.byte	0
  31 0007 00       		.byte	0
  32 0008 36       		.byte	54
  33 0009 0C       		.byte	12
  34 000a 00       		.byte	0
  35 000b 00       		.byte	0
  36 000c AA       		.byte	-86
  37 000d 0D       		.byte	13
  38 000e 00       		.byte	0
  39 000f 00       		.byte	0
  40 0010 26       		.byte	38
  41 0011 0F       		.byte	15
  42 0012 00       		.byte	0
  43 0013 00       		.byte	0
  44 0014 A4       		.byte	-92
  45 0015 10       		.byte	16
  46 0016 00       		.byte	0
  47 0017 00       		.byte	0
  48 0018 14       		.byte	20
  49 0019 12       		.byte	18
  50 001a 00       		.byte	0
  51 001b 00       		.byte	0
  52 001c 66       		.byte	102
  53 001d 13       		.byte	19
  54 001e 00       		.byte	0
  55 001f 00       		.byte	0
  56 0020 80       		.byte	-128
  57 0021 14       		.byte	20
ARM GAS  C:\Users\Tommi\AppData\Local\Temp\ccuToVUf.s 			page 2


  58 0022 00       		.byte	0
  59 0023 00       		.byte	0
  60 0024 48       		.byte	72
  61 0025 15       		.byte	21
  62 0026 00       		.byte	0
  63 0027 00       		.byte	0
  64 0028 9D       		.byte	-99
  65 0029 15       		.byte	21
  66 002a 00       		.byte	0
  67 002b 00       		.byte	0
  68 002c 5C       		.byte	92
  69 002d 15       		.byte	21
  70 002e 00       		.byte	0
  71 002f 00       		.byte	0
  72 0030 62       		.byte	98
  73 0031 14       		.byte	20
  74 0032 00       		.byte	0
  75 0033 00       		.byte	0
  76 0034 8A       		.byte	-118
  77 0035 12       		.byte	18
  78 0036 00       		.byte	0
  79 0037 00       		.byte	0
  80 0038 B0       		.byte	-80
  81 0039 0F       		.byte	15
  82 003a 00       		.byte	0
  83 003b 00       		.byte	0
  84 003c B7       		.byte	-73
  85 003d 0B       		.byte	11
  86 003e 00       		.byte	0
  87 003f 00       		.byte	0
  88 0040 82       		.byte	-126
  89 0041 06       		.byte	6
  90 0042 00       		.byte	0
  91 0043 00       		.byte	0
  92 0044 00       		.byte	0
  93 0045 00       		.byte	0
  94 0046 00       		.byte	0
  95 0047 00       		.byte	0
  96 0048 25       		.byte	37
  97 0049 F8       		.byte	-8
  98 004a FF       		.byte	-1
  99 004b 00       		.byte	0
 100 004c F2       		.byte	-14
 101 004d EE       		.byte	-18
 102 004e FF       		.byte	-1
 103 004f 00       		.byte	0
 104 0050 73       		.byte	115
 105 0051 E4       		.byte	-28
 106 0052 FF       		.byte	-1
 107 0053 00       		.byte	0
 108 0054 C0       		.byte	-64
 109 0055 D8       		.byte	-40
 110 0056 FF       		.byte	-1
 111 0057 00       		.byte	0
 112 0058 01       		.byte	1
 113 0059 CC       		.byte	-52
 114 005a FF       		.byte	-1
ARM GAS  C:\Users\Tommi\AppData\Local\Temp\ccuToVUf.s 			page 3


 115 005b 00       		.byte	0
 116 005c 6E       		.byte	110
 117 005d BE       		.byte	-66
 118 005e FF       		.byte	-1
 119 005f 00       		.byte	0
 120 0060 4A       		.byte	74
 121 0061 B0       		.byte	-80
 122 0062 FF       		.byte	-1
 123 0063 00       		.byte	0
 124 0064 EA       		.byte	-22
 125 0065 A1       		.byte	-95
 126 0066 FF       		.byte	-1
 127 0067 00       		.byte	0
 128 0068 B2       		.byte	-78
 129 0069 93       		.byte	-109
 130 006a FF       		.byte	-1
 131 006b 00       		.byte	0
 132 006c 0F       		.byte	15
 133 006d 86       		.byte	-122
 134 006e FF       		.byte	-1
 135 006f 00       		.byte	0
 136 0070 7E       		.byte	126
 137 0071 79       		.byte	121
 138 0072 FF       		.byte	-1
 139 0073 00       		.byte	0
 140 0074 82       		.byte	-126
 141 0075 6E       		.byte	110
 142 0076 FF       		.byte	-1
 143 0077 00       		.byte	0
 144 0078 A8       		.byte	-88
 145 0079 65       		.byte	101
 146 007a FF       		.byte	-1
 147 007b 00       		.byte	0
 148 007c 7E       		.byte	126
 149 007d 5F       		.byte	95
 150 007e FF       		.byte	-1
 151 007f 00       		.byte	0
 152 0080 96       		.byte	-106
 153 0081 5C       		.byte	92
 154 0082 FF       		.byte	-1
 155 0083 00       		.byte	0
 156 0084 7E       		.byte	126
 157 0085 5D       		.byte	93
 158 0086 FF       		.byte	-1
 159 0087 00       		.byte	0
 160 0088 BF       		.byte	-65
 161 0089 62       		.byte	98
 162 008a FF       		.byte	-1
 163 008b 00       		.byte	0
 164 008c D9       		.byte	-39
 165 008d 6C       		.byte	108
 166 008e FF       		.byte	-1
 167 008f 00       		.byte	0
 168 0090 3D       		.byte	61
 169 0091 7C       		.byte	124
 170 0092 FF       		.byte	-1
 171 0093 00       		.byte	0
ARM GAS  C:\Users\Tommi\AppData\Local\Temp\ccuToVUf.s 			page 4


 172 0094 4E       		.byte	78
 173 0095 91       		.byte	-111
 174 0096 FF       		.byte	-1
 175 0097 00       		.byte	0
 176 0098 59       		.byte	89
 177 0099 AC       		.byte	-84
 178 009a FF       		.byte	-1
 179 009b 00       		.byte	0
 180 009c 95       		.byte	-107
 181 009d CD       		.byte	-51
 182 009e FF       		.byte	-1
 183 009f 00       		.byte	0
 184 00a0 20       		.byte	32
 185 00a1 F5       		.byte	-11
 186 00a2 FF       		.byte	-1
 187 00a3 00       		.byte	0
 188 00a4 FC       		.byte	-4
 189 00a5 22       		.byte	34
 190 00a6 00       		.byte	0
 191 00a7 00       		.byte	0
 192 00a8 0C       		.byte	12
 193 00a9 57       		.byte	87
 194 00aa 00       		.byte	0
 195 00ab 00       		.byte	0
 196 00ac 16       		.byte	22
 197 00ad 91       		.byte	-111
 198 00ae 00       		.byte	0
 199 00af 00       		.byte	0
 200 00b0 C0       		.byte	-64
 201 00b1 D0       		.byte	-48
 202 00b2 00       		.byte	0
 203 00b3 00       		.byte	0
 204 00b4 93       		.byte	-109
 205 00b5 15       		.byte	21
 206 00b6 01       		.byte	1
 207 00b7 00       		.byte	0
 208 00b8 F9       		.byte	-7
 209 00b9 5E       		.byte	94
 210 00ba 01       		.byte	1
 211 00bb 00       		.byte	0
 212 00bc 3E       		.byte	62
 213 00bd AC       		.byte	-84
 214 00be 01       		.byte	1
 215 00bf 00       		.byte	0
 216 00c0 96       		.byte	-106
 217 00c1 FC       		.byte	-4
 218 00c2 01       		.byte	1
 219 00c3 00       		.byte	0
 220 00c4 1F       		.byte	31
 221 00c5 4F       		.byte	79
 222 00c6 02       		.byte	2
 223 00c7 00       		.byte	0
 224 00c8 E0       		.byte	-32
 225 00c9 A2       		.byte	-94
 226 00ca 02       		.byte	2
 227 00cb 00       		.byte	0
 228 00cc D4       		.byte	-44
ARM GAS  C:\Users\Tommi\AppData\Local\Temp\ccuToVUf.s 			page 5


 229 00cd F6       		.byte	-10
 230 00ce 02       		.byte	2
 231 00cf 00       		.byte	0
 232 00d0 E9       		.byte	-23
 233 00d1 49       		.byte	73
 234 00d2 03       		.byte	3
 235 00d3 00       		.byte	0
 236 00d4 07       		.byte	7
 237 00d5 9B       		.byte	-101
 238 00d6 03       		.byte	3
 239 00d7 00       		.byte	0
 240 00d8 15       		.byte	21
 241 00d9 E9       		.byte	-23
 242 00da 03       		.byte	3
 243 00db 00       		.byte	0
 244 00dc FE       		.byte	-2
 245 00dd 32       		.byte	50
 246 00de 04       		.byte	4
 247 00df 00       		.byte	0
 248 00e0 B7       		.byte	-73
 249 00e1 77       		.byte	119
 250 00e2 04       		.byte	4
 251 00e3 00       		.byte	0
 252 00e4 43       		.byte	67
 253 00e5 B6       		.byte	-74
 254 00e6 04       		.byte	4
 255 00e7 00       		.byte	0
 256 00e8 B8       		.byte	-72
 257 00e9 ED       		.byte	-19
 258 00ea 04       		.byte	4
 259 00eb 00       		.byte	0
 260 00ec 45       		.byte	69
 261 00ed 1D       		.byte	29
 262 00ee 05       		.byte	5
 263 00ef 00       		.byte	0
 264 00f0 33       		.byte	51
 265 00f1 44       		.byte	68
 266 00f2 05       		.byte	5
 267 00f3 00       		.byte	0
 268 00f4 EC       		.byte	-20
 269 00f5 61       		.byte	97
 270 00f6 05       		.byte	5
 271 00f7 00       		.byte	0
 272 00f8 FF       		.byte	-1
 273 00f9 75       		.byte	117
 274 00fa 05       		.byte	5
 275 00fb 00       		.byte	0
 276 00fc 1C       		.byte	28
 277 00fd 80       		.byte	-128
 278 00fe 05       		.byte	5
 279 00ff 00       		.byte	0
 280 0100 1C       		.byte	28
 281 0101 80       		.byte	-128
 282 0102 05       		.byte	5
 283 0103 00       		.byte	0
 284 0104 FF       		.byte	-1
 285 0105 75       		.byte	117
ARM GAS  C:\Users\Tommi\AppData\Local\Temp\ccuToVUf.s 			page 6


 286 0106 05       		.byte	5
 287 0107 00       		.byte	0
 288 0108 EC       		.byte	-20
 289 0109 61       		.byte	97
 290 010a 05       		.byte	5
 291 010b 00       		.byte	0
 292 010c 33       		.byte	51
 293 010d 44       		.byte	68
 294 010e 05       		.byte	5
 295 010f 00       		.byte	0
 296 0110 45       		.byte	69
 297 0111 1D       		.byte	29
 298 0112 05       		.byte	5
 299 0113 00       		.byte	0
 300 0114 B8       		.byte	-72
 301 0115 ED       		.byte	-19
 302 0116 04       		.byte	4
 303 0117 00       		.byte	0
 304 0118 43       		.byte	67
 305 0119 B6       		.byte	-74
 306 011a 04       		.byte	4
 307 011b 00       		.byte	0
 308 011c B7       		.byte	-73
 309 011d 77       		.byte	119
 310 011e 04       		.byte	4
 311 011f 00       		.byte	0
 312 0120 FE       		.byte	-2
 313 0121 32       		.byte	50
 314 0122 04       		.byte	4
 315 0123 00       		.byte	0
 316 0124 15       		.byte	21
 317 0125 E9       		.byte	-23
 318 0126 03       		.byte	3
 319 0127 00       		.byte	0
 320 0128 07       		.byte	7
 321 0129 9B       		.byte	-101
 322 012a 03       		.byte	3
 323 012b 00       		.byte	0
 324 012c E9       		.byte	-23
 325 012d 49       		.byte	73
 326 012e 03       		.byte	3
 327 012f 00       		.byte	0
 328 0130 D4       		.byte	-44
 329 0131 F6       		.byte	-10
 330 0132 02       		.byte	2
 331 0133 00       		.byte	0
 332 0134 E0       		.byte	-32
 333 0135 A2       		.byte	-94
 334 0136 02       		.byte	2
 335 0137 00       		.byte	0
 336 0138 1F       		.byte	31
 337 0139 4F       		.byte	79
 338 013a 02       		.byte	2
 339 013b 00       		.byte	0
 340 013c 96       		.byte	-106
 341 013d FC       		.byte	-4
 342 013e 01       		.byte	1
ARM GAS  C:\Users\Tommi\AppData\Local\Temp\ccuToVUf.s 			page 7


 343 013f 00       		.byte	0
 344 0140 3E       		.byte	62
 345 0141 AC       		.byte	-84
 346 0142 01       		.byte	1
 347 0143 00       		.byte	0
 348 0144 F9       		.byte	-7
 349 0145 5E       		.byte	94
 350 0146 01       		.byte	1
 351 0147 00       		.byte	0
 352 0148 93       		.byte	-109
 353 0149 15       		.byte	21
 354 014a 01       		.byte	1
 355 014b 00       		.byte	0
 356 014c C0       		.byte	-64
 357 014d D0       		.byte	-48
 358 014e 00       		.byte	0
 359 014f 00       		.byte	0
 360 0150 16       		.byte	22
 361 0151 91       		.byte	-111
 362 0152 00       		.byte	0
 363 0153 00       		.byte	0
 364 0154 0C       		.byte	12
 365 0155 57       		.byte	87
 366 0156 00       		.byte	0
 367 0157 00       		.byte	0
 368 0158 FC       		.byte	-4
 369 0159 22       		.byte	34
 370 015a 00       		.byte	0
 371 015b 00       		.byte	0
 372 015c 20       		.byte	32
 373 015d F5       		.byte	-11
 374 015e FF       		.byte	-1
 375 015f 00       		.byte	0
 376 0160 95       		.byte	-107
 377 0161 CD       		.byte	-51
 378 0162 FF       		.byte	-1
 379 0163 00       		.byte	0
 380 0164 59       		.byte	89
 381 0165 AC       		.byte	-84
 382 0166 FF       		.byte	-1
 383 0167 00       		.byte	0
 384 0168 4E       		.byte	78
 385 0169 91       		.byte	-111
 386 016a FF       		.byte	-1
 387 016b 00       		.byte	0
 388 016c 3D       		.byte	61
 389 016d 7C       		.byte	124
 390 016e FF       		.byte	-1
 391 016f 00       		.byte	0
 392 0170 D9       		.byte	-39
 393 0171 6C       		.byte	108
 394 0172 FF       		.byte	-1
 395 0173 00       		.byte	0
 396 0174 BF       		.byte	-65
 397 0175 62       		.byte	98
 398 0176 FF       		.byte	-1
 399 0177 00       		.byte	0
ARM GAS  C:\Users\Tommi\AppData\Local\Temp\ccuToVUf.s 			page 8


 400 0178 7E       		.byte	126
 401 0179 5D       		.byte	93
 402 017a FF       		.byte	-1
 403 017b 00       		.byte	0
 404 017c 96       		.byte	-106
 405 017d 5C       		.byte	92
 406 017e FF       		.byte	-1
 407 017f 00       		.byte	0
 408 0180 7E       		.byte	126
 409 0181 5F       		.byte	95
 410 0182 FF       		.byte	-1
 411 0183 00       		.byte	0
 412 0184 A8       		.byte	-88
 413 0185 65       		.byte	101
 414 0186 FF       		.byte	-1
 415 0187 00       		.byte	0
 416 0188 82       		.byte	-126
 417 0189 6E       		.byte	110
 418 018a FF       		.byte	-1
 419 018b 00       		.byte	0
 420 018c 7E       		.byte	126
 421 018d 79       		.byte	121
 422 018e FF       		.byte	-1
 423 018f 00       		.byte	0
 424 0190 0F       		.byte	15
 425 0191 86       		.byte	-122
 426 0192 FF       		.byte	-1
 427 0193 00       		.byte	0
 428 0194 B2       		.byte	-78
 429 0195 93       		.byte	-109
 430 0196 FF       		.byte	-1
 431 0197 00       		.byte	0
 432 0198 EA       		.byte	-22
 433 0199 A1       		.byte	-95
 434 019a FF       		.byte	-1
 435 019b 00       		.byte	0
 436 019c 4A       		.byte	74
 437 019d B0       		.byte	-80
 438 019e FF       		.byte	-1
 439 019f 00       		.byte	0
 440 01a0 6E       		.byte	110
 441 01a1 BE       		.byte	-66
 442 01a2 FF       		.byte	-1
 443 01a3 00       		.byte	0
 444 01a4 01       		.byte	1
 445 01a5 CC       		.byte	-52
 446 01a6 FF       		.byte	-1
 447 01a7 00       		.byte	0
 448 01a8 C0       		.byte	-64
 449 01a9 D8       		.byte	-40
 450 01aa FF       		.byte	-1
 451 01ab 00       		.byte	0
 452 01ac 73       		.byte	115
 453 01ad E4       		.byte	-28
 454 01ae FF       		.byte	-1
 455 01af 00       		.byte	0
 456 01b0 F2       		.byte	-14
ARM GAS  C:\Users\Tommi\AppData\Local\Temp\ccuToVUf.s 			page 9


 457 01b1 EE       		.byte	-18
 458 01b2 FF       		.byte	-1
 459 01b3 00       		.byte	0
 460 01b4 25       		.byte	37
 461 01b5 F8       		.byte	-8
 462 01b6 FF       		.byte	-1
 463 01b7 00       		.byte	0
 464 01b8 00       		.byte	0
 465 01b9 00       		.byte	0
 466 01ba 00       		.byte	0
 467 01bb 00       		.byte	0
 468 01bc 82       		.byte	-126
 469 01bd 06       		.byte	6
 470 01be 00       		.byte	0
 471 01bf 00       		.byte	0
 472 01c0 B7       		.byte	-73
 473 01c1 0B       		.byte	11
 474 01c2 00       		.byte	0
 475 01c3 00       		.byte	0
 476 01c4 B0       		.byte	-80
 477 01c5 0F       		.byte	15
 478 01c6 00       		.byte	0
 479 01c7 00       		.byte	0
 480 01c8 8A       		.byte	-118
 481 01c9 12       		.byte	18
 482 01ca 00       		.byte	0
 483 01cb 00       		.byte	0
 484 01cc 62       		.byte	98
 485 01cd 14       		.byte	20
 486 01ce 00       		.byte	0
 487 01cf 00       		.byte	0
 488 01d0 5C       		.byte	92
 489 01d1 15       		.byte	21
 490 01d2 00       		.byte	0
 491 01d3 00       		.byte	0
 492 01d4 9D       		.byte	-99
 493 01d5 15       		.byte	21
 494 01d6 00       		.byte	0
 495 01d7 00       		.byte	0
 496 01d8 48       		.byte	72
 497 01d9 15       		.byte	21
 498 01da 00       		.byte	0
 499 01db 00       		.byte	0
 500 01dc 80       		.byte	-128
 501 01dd 14       		.byte	20
 502 01de 00       		.byte	0
 503 01df 00       		.byte	0
 504 01e0 66       		.byte	102
 505 01e1 13       		.byte	19
 506 01e2 00       		.byte	0
 507 01e3 00       		.byte	0
 508 01e4 14       		.byte	20
 509 01e5 12       		.byte	18
 510 01e6 00       		.byte	0
 511 01e7 00       		.byte	0
 512 01e8 A4       		.byte	-92
 513 01e9 10       		.byte	16
ARM GAS  C:\Users\Tommi\AppData\Local\Temp\ccuToVUf.s 			page 10


 514 01ea 00       		.byte	0
 515 01eb 00       		.byte	0
 516 01ec 26       		.byte	38
 517 01ed 0F       		.byte	15
 518 01ee 00       		.byte	0
 519 01ef 00       		.byte	0
 520 01f0 AA       		.byte	-86
 521 01f1 0D       		.byte	13
 522 01f2 00       		.byte	0
 523 01f3 00       		.byte	0
 524 01f4 36       		.byte	54
 525 01f5 0C       		.byte	12
 526 01f6 00       		.byte	0
 527 01f7 00       		.byte	0
 528 01f8 CE       		.byte	-50
 529 01f9 0A       		.byte	10
 530 01fa 00       		.byte	0
 531 01fb 00       		.byte	0
 532 01fc 70       		.byte	112
 533 01fd 09       		.byte	9
 534 01fe 00       		.byte	0
 535 01ff 00       		.byte	0
 536              		.text
 537              	.Letext0:
 538              		.file 1 "Generated_Source\\PSoC5\\cytypes.h"
 539              		.file 2 "Generated_Source\\PSoC5\\Filter_Coefficients.c"
 540              		.section	.debug_info,"",%progbits
 541              	.Ldebug_info0:
 542 0000 AF000000 		.4byte	0xaf
 543 0004 0400     		.2byte	0x4
 544 0006 00000000 		.4byte	.Ldebug_abbrev0
 545 000a 04       		.byte	0x4
 546 000b 01       		.uleb128 0x1
 547 000c 8A000000 		.4byte	.LASF13
 548 0010 01       		.byte	0x1
 549 0011 92010000 		.4byte	.LASF14
 550 0015 4A000000 		.4byte	.LASF15
 551 0019 00000000 		.4byte	.Ldebug_line0
 552 001d 02       		.uleb128 0x2
 553 001e 04       		.byte	0x4
 554 001f 05       		.byte	0x5
 555 0020 696E7400 		.ascii	"int\000"
 556 0024 03       		.uleb128 0x3
 557 0025 04       		.byte	0x4
 558 0026 07       		.byte	0x7
 559 0027 0E000000 		.4byte	.LASF0
 560 002b 03       		.uleb128 0x3
 561 002c 01       		.byte	0x1
 562 002d 06       		.byte	0x6
 563 002e 4E010000 		.4byte	.LASF1
 564 0032 03       		.uleb128 0x3
 565 0033 01       		.byte	0x1
 566 0034 08       		.byte	0x8
 567 0035 18010000 		.4byte	.LASF2
 568 0039 03       		.uleb128 0x3
 569 003a 02       		.byte	0x2
 570 003b 05       		.byte	0x5
ARM GAS  C:\Users\Tommi\AppData\Local\Temp\ccuToVUf.s 			page 11


 571 003c 60010000 		.4byte	.LASF3
 572 0040 03       		.uleb128 0x3
 573 0041 02       		.byte	0x2
 574 0042 07       		.byte	0x7
 575 0043 3B010000 		.4byte	.LASF4
 576 0047 03       		.uleb128 0x3
 577 0048 04       		.byte	0x4
 578 0049 05       		.byte	0x5
 579 004a 2B010000 		.4byte	.LASF5
 580 004e 03       		.uleb128 0x3
 581 004f 04       		.byte	0x4
 582 0050 07       		.byte	0x7
 583 0051 21000000 		.4byte	.LASF6
 584 0055 03       		.uleb128 0x3
 585 0056 08       		.byte	0x8
 586 0057 05       		.byte	0x5
 587 0058 00000000 		.4byte	.LASF7
 588 005c 03       		.uleb128 0x3
 589 005d 08       		.byte	0x8
 590 005e 07       		.byte	0x7
 591 005f 33000000 		.4byte	.LASF8
 592 0063 03       		.uleb128 0x3
 593 0064 04       		.byte	0x4
 594 0065 07       		.byte	0x7
 595 0066 89010000 		.4byte	.LASF9
 596 006a 03       		.uleb128 0x3
 597 006b 01       		.byte	0x1
 598 006c 08       		.byte	0x8
 599 006d 26010000 		.4byte	.LASF10
 600 0071 04       		.uleb128 0x4
 601 0072 1B000000 		.4byte	.LASF16
 602 0076 01       		.byte	0x1
 603 0077 9201     		.2byte	0x192
 604 0079 32000000 		.4byte	0x32
 605 007d 03       		.uleb128 0x3
 606 007e 04       		.byte	0x4
 607 007f 04       		.byte	0x4
 608 0080 5A010000 		.4byte	.LASF11
 609 0084 03       		.uleb128 0x3
 610 0085 08       		.byte	0x8
 611 0086 04       		.byte	0x4
 612 0087 34010000 		.4byte	.LASF12
 613 008b 05       		.uleb128 0x5
 614 008c 71000000 		.4byte	0x71
 615 0090 9C000000 		.4byte	0x9c
 616 0094 06       		.uleb128 0x6
 617 0095 63000000 		.4byte	0x63
 618 0099 FF01     		.2byte	0x1ff
 619 009b 00       		.byte	0
 620 009c 07       		.uleb128 0x7
 621 009d 6A010000 		.4byte	.LASF17
 622 00a1 02       		.byte	0x2
 623 00a2 11       		.byte	0x11
 624 00a3 AD000000 		.4byte	0xad
 625 00a7 05       		.uleb128 0x5
 626 00a8 03       		.byte	0x3
 627 00a9 00000000 		.4byte	Filter_ChannelAFirCoefficients
ARM GAS  C:\Users\Tommi\AppData\Local\Temp\ccuToVUf.s 			page 12


 628 00ad 08       		.uleb128 0x8
 629 00ae 8B000000 		.4byte	0x8b
 630 00b2 00       		.byte	0
 631              		.section	.debug_abbrev,"",%progbits
 632              	.Ldebug_abbrev0:
 633 0000 01       		.uleb128 0x1
 634 0001 11       		.uleb128 0x11
 635 0002 01       		.byte	0x1
 636 0003 25       		.uleb128 0x25
 637 0004 0E       		.uleb128 0xe
 638 0005 13       		.uleb128 0x13
 639 0006 0B       		.uleb128 0xb
 640 0007 03       		.uleb128 0x3
 641 0008 0E       		.uleb128 0xe
 642 0009 1B       		.uleb128 0x1b
 643 000a 0E       		.uleb128 0xe
 644 000b 10       		.uleb128 0x10
 645 000c 17       		.uleb128 0x17
 646 000d 00       		.byte	0
 647 000e 00       		.byte	0
 648 000f 02       		.uleb128 0x2
 649 0010 24       		.uleb128 0x24
 650 0011 00       		.byte	0
 651 0012 0B       		.uleb128 0xb
 652 0013 0B       		.uleb128 0xb
 653 0014 3E       		.uleb128 0x3e
 654 0015 0B       		.uleb128 0xb
 655 0016 03       		.uleb128 0x3
 656 0017 08       		.uleb128 0x8
 657 0018 00       		.byte	0
 658 0019 00       		.byte	0
 659 001a 03       		.uleb128 0x3
 660 001b 24       		.uleb128 0x24
 661 001c 00       		.byte	0
 662 001d 0B       		.uleb128 0xb
 663 001e 0B       		.uleb128 0xb
 664 001f 3E       		.uleb128 0x3e
 665 0020 0B       		.uleb128 0xb
 666 0021 03       		.uleb128 0x3
 667 0022 0E       		.uleb128 0xe
 668 0023 00       		.byte	0
 669 0024 00       		.byte	0
 670 0025 04       		.uleb128 0x4
 671 0026 16       		.uleb128 0x16
 672 0027 00       		.byte	0
 673 0028 03       		.uleb128 0x3
 674 0029 0E       		.uleb128 0xe
 675 002a 3A       		.uleb128 0x3a
 676 002b 0B       		.uleb128 0xb
 677 002c 3B       		.uleb128 0x3b
 678 002d 05       		.uleb128 0x5
 679 002e 49       		.uleb128 0x49
 680 002f 13       		.uleb128 0x13
 681 0030 00       		.byte	0
 682 0031 00       		.byte	0
 683 0032 05       		.uleb128 0x5
 684 0033 01       		.uleb128 0x1
ARM GAS  C:\Users\Tommi\AppData\Local\Temp\ccuToVUf.s 			page 13


 685 0034 01       		.byte	0x1
 686 0035 49       		.uleb128 0x49
 687 0036 13       		.uleb128 0x13
 688 0037 01       		.uleb128 0x1
 689 0038 13       		.uleb128 0x13
 690 0039 00       		.byte	0
 691 003a 00       		.byte	0
 692 003b 06       		.uleb128 0x6
 693 003c 21       		.uleb128 0x21
 694 003d 00       		.byte	0
 695 003e 49       		.uleb128 0x49
 696 003f 13       		.uleb128 0x13
 697 0040 2F       		.uleb128 0x2f
 698 0041 05       		.uleb128 0x5
 699 0042 00       		.byte	0
 700 0043 00       		.byte	0
 701 0044 07       		.uleb128 0x7
 702 0045 34       		.uleb128 0x34
 703 0046 00       		.byte	0
 704 0047 03       		.uleb128 0x3
 705 0048 0E       		.uleb128 0xe
 706 0049 3A       		.uleb128 0x3a
 707 004a 0B       		.uleb128 0xb
 708 004b 3B       		.uleb128 0x3b
 709 004c 0B       		.uleb128 0xb
 710 004d 49       		.uleb128 0x49
 711 004e 13       		.uleb128 0x13
 712 004f 3F       		.uleb128 0x3f
 713 0050 19       		.uleb128 0x19
 714 0051 02       		.uleb128 0x2
 715 0052 18       		.uleb128 0x18
 716 0053 00       		.byte	0
 717 0054 00       		.byte	0
 718 0055 08       		.uleb128 0x8
 719 0056 26       		.uleb128 0x26
 720 0057 00       		.byte	0
 721 0058 49       		.uleb128 0x49
 722 0059 13       		.uleb128 0x13
 723 005a 00       		.byte	0
 724 005b 00       		.byte	0
 725 005c 00       		.byte	0
 726              		.section	.debug_aranges,"",%progbits
 727 0000 14000000 		.4byte	0x14
 728 0004 0200     		.2byte	0x2
 729 0006 00000000 		.4byte	.Ldebug_info0
 730 000a 04       		.byte	0x4
 731 000b 00       		.byte	0
 732 000c 0000     		.2byte	0
 733 000e 0000     		.2byte	0
 734 0010 00000000 		.4byte	0
 735 0014 00000000 		.4byte	0
 736              		.section	.debug_line,"",%progbits
 737              	.Ldebug_line0:
 738 0000 56000000 		.section	.debug_str,"MS",%progbits,1
 738      02005000 
 738      00000201 
 738      FB0E0D00 
ARM GAS  C:\Users\Tommi\AppData\Local\Temp\ccuToVUf.s 			page 14


 738      01010101 
 739              	.LASF7:
 740 0000 6C6F6E67 		.ascii	"long long int\000"
 740      206C6F6E 
 740      6720696E 
 740      7400
 741              	.LASF0:
 742 000e 756E7369 		.ascii	"unsigned int\000"
 742      676E6564 
 742      20696E74 
 742      00
 743              	.LASF16:
 744 001b 75696E74 		.ascii	"uint8\000"
 744      3800
 745              	.LASF6:
 746 0021 6C6F6E67 		.ascii	"long unsigned int\000"
 746      20756E73 
 746      69676E65 
 746      6420696E 
 746      7400
 747              	.LASF8:
 748 0033 6C6F6E67 		.ascii	"long long unsigned int\000"
 748      206C6F6E 
 748      6720756E 
 748      7369676E 
 748      65642069 
 749              	.LASF15:
 750 004a 473A5C55 		.ascii	"G:\\Users\\Tommi\\Documents\\GitHub\\PSOC_USBUART\\"
 750      73657273 
 750      5C546F6D 
 750      6D695C44 
 750      6F63756D 
 751 0077 50534F43 		.ascii	"PSOC_USBUART.cydsn\000"
 751      5F555342 
 751      55415254 
 751      2E637964 
 751      736E00
 752              	.LASF13:
 753 008a 474E5520 		.ascii	"GNU C 4.9.3 20150303 (release) [ARM/embedded-4_9-br"
 753      4320342E 
 753      392E3320 
 753      32303135 
 753      30333033 
 754 00bd 616E6368 		.ascii	"anch revision 221220] -mcpu=cortex-m3 -mthumb -g -O"
 754      20726576 
 754      6973696F 
 754      6E203232 
 754      31323230 
 755 00f0 67202D66 		.ascii	"g -ffunction-sections -ffat-lto-objects\000"
 755      66756E63 
 755      74696F6E 
 755      2D736563 
 755      74696F6E 
 756              	.LASF2:
 757 0118 756E7369 		.ascii	"unsigned char\000"
 757      676E6564 
 757      20636861 
ARM GAS  C:\Users\Tommi\AppData\Local\Temp\ccuToVUf.s 			page 15


 757      7200
 758              	.LASF10:
 759 0126 63686172 		.ascii	"char\000"
 759      00
 760              	.LASF5:
 761 012b 6C6F6E67 		.ascii	"long int\000"
 761      20696E74 
 761      00
 762              	.LASF12:
 763 0134 646F7562 		.ascii	"double\000"
 763      6C6500
 764              	.LASF4:
 765 013b 73686F72 		.ascii	"short unsigned int\000"
 765      7420756E 
 765      7369676E 
 765      65642069 
 765      6E7400
 766              	.LASF1:
 767 014e 7369676E 		.ascii	"signed char\000"
 767      65642063 
 767      68617200 
 768              	.LASF11:
 769 015a 666C6F61 		.ascii	"float\000"
 769      7400
 770              	.LASF3:
 771 0160 73686F72 		.ascii	"short int\000"
 771      7420696E 
 771      7400
 772              	.LASF17:
 773 016a 46696C74 		.ascii	"Filter_ChannelAFirCoefficients\000"
 773      65725F43 
 773      68616E6E 
 773      656C4146 
 773      6972436F 
 774              	.LASF9:
 775 0189 73697A65 		.ascii	"sizetype\000"
 775      74797065 
 775      00
 776              	.LASF14:
 777 0192 47656E65 		.ascii	"Generated_Source\\PSoC5\\Filter_Coefficients.c\000"
 777      72617465 
 777      645F536F 
 777      75726365 
 777      5C50536F 
 778              		.ident	"GCC: (GNU Tools for ARM Embedded Processors) 4.9.3 20150303 (release) [ARM/embedded-4_9-br
